<?xml version="1.0" encoding="UTF-8"?>
<TestRun id="36937f72-94c8-4582-9f8c-91d3b19de94b" name="masa@MASA-PC 2014-11-09 21:17:15" runUser="masa-PC\masa" xmlns="http://microsoft.com/schemas/VisualStudio/TeamTest/2010">
  <TestSettings name="ローカル" id="8d43720d-d6ac-49aa-8a1f-108a2a564103">
    <Description>これらはローカル テスト実行用の既定のテスト設定です。</Description>
    <Deployment enabled="false" runDeploymentRoot="masa_MASA-PC 2014-11-09 21_17_15">
      <DeploymentItem filename="C:\Users\masa\Documents\GitHub\GameProject\RPGProject\Project1\bin\Debug\Project1.exe" />
      <DeploymentItem filename="C:\Users\masa\Documents\GitHub\GameProject\RPGProject\Project1\bin\Release\DxLibDotNet.dll" />
    </Deployment>
    <Execution>
      <TestTypeSpecific />
      <AgentRule name="Execution Agents">
      </AgentRule>
    </Execution>
  </TestSettings>
  <Times creation="2014-11-09T21:17:15.1816874+09:00" queuing="2014-11-09T21:17:18.7158895+09:00" start="2014-11-09T21:17:18.8538974+09:00" finish="2014-11-09T21:17:28.4264449+09:00" />
  <ResultSummary outcome="Error">
    <Counters total="1" executed="1" error="0" failed="0" timeout="0" aborted="1" inconclusive="0" passedButRunAborted="0" notRunnable="0" notExecuted="0" disconnected="0" warning="0" passed="0" completed="0" inProgress="0" pending="0" />
    <RunInfos>
      <RunInfo computerName="MASA-PC" outcome="Warning" timestamp="2014-11-09T21:17:16.1337418+09:00">
        <Text>配置は現在無効になっています。テスト 'TestProject1.GameMainTest.Func1Test' の配置項目 'Project1.exe' は配置されていません。</Text>
      </RunInfo>
      <RunInfo computerName="MASA-PC" outcome="Error" timestamp="2014-11-09T21:17:28.4244448+09:00">
        <Text>テストのホスト プロセスは予期せずに終了しました。</Text>
      </RunInfo>
    </RunInfos>
  </ResultSummary>
  <TestDefinitions>
    <UnitTest name="Func1Test" storage="c:\users\masa\documents\github\gameproject\rpgproject\testproject1\bin\debug\testproject1.dll" id="bbc70e05-5009-5a27-5e65-515efac7b652">
      <DeploymentItems>
        <DeploymentItem filename="Project1.exe" />
      </DeploymentItems>
      <Execution id="439e9d10-8e50-4705-989e-130a9ae4e68a" />
      <TestMethod codeBase="C:/Users/masa/Documents/GitHub/GameProject/RPGProject/TestProject1/bin/Debug/TestProject1.DLL" adapterTypeName="Microsoft.VisualStudio.TestTools.TestTypes.Unit.UnitTestAdapter, Microsoft.VisualStudio.QualityTools.Tips.UnitTest.Adapter, Version=10.0.0.0, Culture=neutral, PublicKeyToken=b03f5f7f11d50a3a" className="TestProject1.GameMainTest, TestProject1, Version=1.0.0.0, Culture=neutral, PublicKeyToken=null" name="Func1Test" />
    </UnitTest>
  </TestDefinitions>
  <TestLists>
    <TestList name="一覧に存在しない結果" id="8c84fa94-04c1-424b-9868-57a2d4851a1d" />
    <TestList name="読み込まれたすべての結果" id="19431567-8539-422a-85d7-44ee4e166bda" />
  </TestLists>
  <TestEntries>
    <TestEntry testId="bbc70e05-5009-5a27-5e65-515efac7b652" executionId="439e9d10-8e50-4705-989e-130a9ae4e68a" testListId="8c84fa94-04c1-424b-9868-57a2d4851a1d" />
  </TestEntries>
  <Results>
    <UnitTestResult executionId="439e9d10-8e50-4705-989e-130a9ae4e68a" testId="bbc70e05-5009-5a27-5e65-515efac7b652" testName="Func1Test" computerName="MASA-PC" duration="00:00:09.4395399" startTime="2014-11-09T21:17:18.9869050+09:00" endTime="2014-11-09T21:17:28.4264449+09:00" testType="13cdc9d9-ddb5-4fa4-a97d-d965ccfc6d4b" outcome="Aborted" testListId="8c84fa94-04c1-424b-9868-57a2d4851a1d" relativeResultsDirectory="439e9d10-8e50-4705-989e-130a9ae4e68a">
    </UnitTestResult>
  </Results>
</TestRun>